-------------------------------------------------------------------------------
Test set: selenium.AppTest
-------------------------------------------------------------------------------
Tests run: 1, Failures: 1, Errors: 0, Skipped: 0, Time elapsed: 11.501 s <<< FAILURE! - in selenium.AppTest
shouldAnswerWithTrue(selenium.AppTest)  Time elapsed: 11.459 s  <<< FAILURE!
org.junit.ComparisonFailure: expected:<HandBook Devops[]> but was:<HandBook Devops[ - Buscar con Google]>
	at selenium.AppTest.shouldAnswerWithTrue(AppTest.java:40)

